<?xml version="1.0" encoding="UTF-8"?>
<robot generator="Robot 7.1.1 (Python 3.11.4 on win32)" generated="2024-10-23T06:08:46.312981" rpa="false" schemaversion="5">
<suite id="s1" name="Demo3 Suite" source="c:\Mine\Company\Konsberg\RobotProject\robot_suite\demo3_suite.robot">
<test id="s1-t1" name="TC3" line="12">
<kw name="Log" owner="BuiltIn">
<msg time="2024-10-23T06:08:46.363264" level="INFO">C:\Users\BALAJI~1\AppData\Local\Temp</msg>
<arg>${TEMPDIR}</arg>
<doc>Logs the given message with the given level.</doc>
<status status="PASS" start="2024-10-23T06:08:46.363264" elapsed="0.001976"/>
</kw>
<kw name="List Files In Directory" owner="OperatingSystem">
<msg time="2024-10-23T06:08:46.365240" level="INFO" html="true">Listing contents of directory '&lt;a href="file://C:\Users\BALAJI~1\AppData\Local\Temp"&gt;C:\Users\BALAJI~1\AppData\Local\Temp&lt;/a&gt;'.</msg>
<msg time="2024-10-23T06:08:46.365240" level="INFO">28 files:
dd_BackgroundDownload_20241018063751.log
dd_BackgroundDownload_20241018063751_result_Success.log
dd_BackgroundDownload_20241019145341.log
dd_BackgroundDownload_20241019145341_result_Error.log
dd_BackgroundDownload_20241019152755.log
dd_BackgroundDownload_20241019152755_result_Error.log
dd_BackgroundDownload_20241021055956.log
dd_BackgroundDownload_20241021055956_result_Error.log
dd_BackgroundDownload_20241021064927.log
dd_BackgroundDownload_20241021064927_result_Error.log
dd_BackgroundDownload_20241021082027.log
dd_BackgroundDownload_20241021082027_result_Error.log
dd_BackgroundDownload_20241021083823.log
dd_BackgroundDownload_20241021123101.log
dd_BackgroundDownload_20241021123101_result_Error.log
dd_BackgroundDownload_20241021125141.log
dd_BackgroundDownload_20241022050223.log
dd_BackgroundDownload_20241022050223_result_Error.log
dd_BackgroundDownload_20241022061711.log
dd_BackgroundDownload_20241022061711_result_Error.log
dd_BackgroundDownload_20241022062644.log
dd_BackgroundDownload_20241022084211.log
dd_BackgroundDownload_20241022084211_result_Error.log
dd_BackgroundDownload_20241022091344.log
dd_BackgroundDownload_20241022091344_result_Error.log
dd_BackgroundDownload_20241022092407.log
dd_BackgroundDownload_20241022100258.log
dd_BackgroundDownload_20241022100258_result_Error.log</msg>
<msg time="2024-10-23T06:08:46.365240" level="INFO">@{files} = [ dd_BackgroundDownload_20241018063751.log | dd_BackgroundDownload_20241018063751_result_Success.log | dd_BackgroundDownload_20241019145341.log | dd_BackgroundDownload_20241019145341_result_Error.log ...</msg>
<var>@{files}</var>
<arg>path=${TEMPDIR}</arg>
<arg>pattern=dd_Back*</arg>
<doc>Wrapper for `List Directory` that returns only files.</doc>
<status status="PASS" start="2024-10-23T06:08:46.365240" elapsed="0.000000"/>
</kw>
<kw name="Log" owner="BuiltIn">
<msg time="2024-10-23T06:08:46.365240" level="INFO">['dd_BackgroundDownload_20241018063751.log', 'dd_BackgroundDownload_20241018063751_result_Success.log', 'dd_BackgroundDownload_20241019145341.log', 'dd_BackgroundDownload_20241019145341_result_Error.log', 'dd_BackgroundDownload_20241019152755.log', 'dd_BackgroundDownload_20241019152755_result_Error.log', 'dd_BackgroundDownload_20241021055956.log', 'dd_BackgroundDownload_20241021055956_result_Error.log', 'dd_BackgroundDownload_20241021064927.log', 'dd_BackgroundDownload_20241021064927_result_Error.log', 'dd_BackgroundDownload_20241021082027.log', 'dd_BackgroundDownload_20241021082027_result_Error.log', 'dd_BackgroundDownload_20241021083823.log', 'dd_BackgroundDownload_20241021123101.log', 'dd_BackgroundDownload_20241021123101_result_Error.log', 'dd_BackgroundDownload_20241021125141.log', 'dd_BackgroundDownload_20241022050223.log', 'dd_BackgroundDownload_20241022050223_result_Error.log', 'dd_BackgroundDownload_20241022061711.log', 'dd_BackgroundDownload_20241022061711_result_Error.log', 'dd_BackgroundDownload_20241022062644.log', 'dd_BackgroundDownload_20241022084211.log', 'dd_BackgroundDownload_20241022084211_result_Error.log', 'dd_BackgroundDownload_20241022091344.log', 'dd_BackgroundDownload_20241022091344_result_Error.log', 'dd_BackgroundDownload_20241022092407.log', 'dd_BackgroundDownload_20241022100258.log', 'dd_BackgroundDownload_20241022100258_result_Error.log']</msg>
<arg>${files}</arg>
<doc>Logs the given message with the given level.</doc>
<status status="PASS" start="2024-10-23T06:08:46.365240" elapsed="0.000000"/>
</kw>
<status status="PASS" start="2024-10-23T06:08:46.349419" elapsed="0.015821"/>
</test>
<status status="PASS" start="2024-10-23T06:08:46.318361" elapsed="0.046879"/>
</suite>
<statistics>
<total>
<stat pass="1" fail="0" skip="0">All Tests</stat>
</total>
<tag>
</tag>
<suite>
<stat pass="1" fail="0" skip="0" id="s1" name="Demo3 Suite">Demo3 Suite</stat>
</suite>
</statistics>
<errors>
</errors>
</robot>
